This is XeTeX, Version 3.141592653-2.6-0.999995 (MiKTeX 24.1) (preloaded format=xelatex 2024.2.3)  15 APR 2024 08:04
entering extended mode
 restricted \write18 enabled.
 %&-line parsing enabled.
**./IntroStatActivitiesHybrid.tex
(IntroStatActivitiesHybrid.tex
LaTeX2e <2023-11-01> patch level 1
L3 programming layer <2024-01-22>

(C:\Users\Melinda Yager\AppData\Local\Programs\MiKTeX\tex/latex/base\report.cls
Document Class: report 2023/05/17 v1.4n Standard LaTeX document class

(C:\Users\Melinda Yager\AppData\Local\Programs\MiKTeX\tex/latex/base\size10.clo
File: size10.clo 2023/05/17 v1.4n Standard LaTeX file (size option)
)
\c@part=\count183
\c@chapter=\count184
\c@section=\count185
\c@subsection=\count186
\c@subsubsection=\count187
\c@paragraph=\count188
\c@subparagraph=\count189
\c@figure=\count190
\c@table=\count191
\abovecaptionskip=\skip48
\belowcaptionskip=\skip49
\bibindent=\dimen140
)
(C:\Users\Melinda Yager\AppData\Local\Programs\MiKTeX\tex/latex/amsmath\amsmath
.sty
Package: amsmath 2023/05/13 v2.17o AMS math features
\@mathmargin=\skip50
For additional information on amsmath, use the `?' option.

(C:\Users\Melinda Yager\AppData\Local\Programs\MiKTeX\tex/latex/amsmath\amstext
.sty
Package: amstext 2021/08/26 v2.01 AMS text

(C:\Users\Melinda Yager\AppData\Local\Programs\MiKTeX\tex/latex/amsmath\amsgen.
sty
File: amsgen.sty 1999/11/30 v2.0 generic functions
\@emptytoks=\toks17
\ex@=\dimen141
))
(C:\Users\Melinda Yager\AppData\Local\Programs\MiKTeX\tex/latex/amsmath\amsbsy.
sty
Package: amsbsy 1999/11/29 v1.2d Bold Symbols
\pmbraise@=\dimen142
)
(C:\Users\Melinda Yager\AppData\Local\Programs\MiKTeX\tex/latex/amsmath\amsopn.
sty
Package: amsopn 2022/04/08 v2.04 operator names
)
\inf@bad=\count192
LaTeX Info: Redefining \frac on input line 234.
\uproot@=\count193
\leftroot@=\count194
LaTeX Info: Redefining \overline on input line 399.
LaTeX Info: Redefining \colon on input line 410.
\classnum@=\count195
\DOTSCASE@=\count196
LaTeX Info: Redefining \ldots on input line 496.
LaTeX Info: Redefining \dots on input line 499.
LaTeX Info: Redefining \cdots on input line 620.
\Mathstrutbox@=\box51
\strutbox@=\box52
LaTeX Info: Redefining \big on input line 722.
LaTeX Info: Redefining \Big on input line 723.
LaTeX Info: Redefining \bigg on input line 724.
LaTeX Info: Redefining \Bigg on input line 725.
\big@size=\dimen143
LaTeX Font Info:    Redeclaring font encoding OML on input line 743.
LaTeX Font Info:    Redeclaring font encoding OMS on input line 744.
\macc@depth=\count197
LaTeX Info: Redefining \bmod on input line 905.
LaTeX Info: Redefining \pmod on input line 910.
LaTeX Info: Redefining \smash on input line 940.
LaTeX Info: Redefining \relbar on input line 970.
LaTeX Info: Redefining \Relbar on input line 971.
\c@MaxMatrixCols=\count198
\dotsspace@=\muskip16
\c@parentequation=\count199
\dspbrk@lvl=\count266
\tag@help=\toks18
\row@=\count267
\column@=\count268
\maxfields@=\count269
\andhelp@=\toks19
\eqnshift@=\dimen144
\alignsep@=\dimen145
\tagshift@=\dimen146
\tagwidth@=\dimen147
\totwidth@=\dimen148
\lineht@=\dimen149
\@envbody=\toks20
\multlinegap=\skip51
\multlinetaggap=\skip52
\mathdisplay@stack=\toks21
LaTeX Info: Redefining \[ on input line 2953.
LaTeX Info: Redefining \] on input line 2954.
)
(C:\Users\Melinda Yager\AppData\Local\Programs\MiKTeX\tex/latex/amsfonts\amssym
b.sty
Package: amssymb 2013/01/14 v3.01 AMS font symbols

(C:\Users\Melinda Yager\AppData\Local\Programs\MiKTeX\tex/latex/amsfonts\amsfon
ts.sty
Package: amsfonts 2013/01/14 v3.01 Basic AMSFonts support
\symAMSa=\mathgroup4
\symAMSb=\mathgroup5
LaTeX Font Info:    Redeclaring math symbol \hbar on input line 98.
LaTeX Font Info:    Overwriting math alphabet `\mathfrak' in version `bold'
(Font)                  U/euf/m/n --> U/euf/b/n on input line 106.
))
(C:\Users\Melinda Yager\AppData\Local\Programs\MiKTeX\tex/generic/iftex\iftex.s
ty
Package: iftex 2022/02/03 v1.0f TeX engine tests
)
(C:\Users\Melinda Yager\AppData\Local\Programs\MiKTeX\tex/latex/unicode-math\un
icode-math.sty
(C:\Users\Melinda Yager\AppData\Local\Programs\MiKTeX\tex/latex/l3kernel\expl3.
sty
Package: expl3 2024-01-22 L3 programming layer (loader) 

(C:\Users\Melinda Yager\AppData\Local\Programs\MiKTeX\tex/latex/l3backend\l3bac
kend-xetex.def
File: l3backend-xetex.def 2024-01-04 L3 backend support: XeTeX
\g__graphics_track_int=\count270
\l__pdf_internal_box=\box53
\g__pdf_backend_object_int=\count271
\g__pdf_backend_annotation_int=\count272
\g__pdf_backend_link_int=\count273
))
Package: unicode-math 2023/08/13 v0.8r Unicode maths in XeLaTeX and LuaLaTeX

(C:\Users\Melinda Yager\AppData\Local\Programs\MiKTeX\tex/latex/unicode-math\un
icode-math-xetex.sty
Package: unicode-math-xetex 2023/08/13 v0.8r Unicode maths in XeLaTeX and LuaLa
TeX

(C:\Users\Melinda Yager\AppData\Local\Programs\MiKTeX\tex/latex/l3packages/xpar
se\xparse.sty
Package: xparse 2023-10-10 L3 Experimental document command parser
)
(C:\Users\Melinda Yager\AppData\Local\Programs\MiKTeX\tex/latex/l3packages/l3ke
ys2e\l3keys2e.sty
Package: l3keys2e 2023-10-10 LaTeX2e option processing using LaTeX3 keys
)
(C:\Users\Melinda Yager\AppData\Local\Programs\MiKTeX\tex/latex/fontspec\fontsp
ec.sty
Package: fontspec 2022/01/15 v2.8a Font selection for XeLaTeX and LuaLaTeX

(C:\Users\Melinda Yager\AppData\Local\Programs\MiKTeX\tex/latex/fontspec\fontsp
ec-xetex.sty
Package: fontspec-xetex 2022/01/15 v2.8a Font selection for XeLaTeX and LuaLaTe
X
\l__fontspec_script_int=\count274
\l__fontspec_language_int=\count275
\l__fontspec_strnum_int=\count276
\l__fontspec_tmp_int=\count277
\l__fontspec_tmpa_int=\count278
\l__fontspec_tmpb_int=\count279
\l__fontspec_tmpc_int=\count280
\l__fontspec_em_int=\count281
\l__fontspec_emdef_int=\count282
\l__fontspec_strong_int=\count283
\l__fontspec_strongdef_int=\count284
\l__fontspec_tmpa_dim=\dimen150
\l__fontspec_tmpb_dim=\dimen151
\l__fontspec_tmpc_dim=\dimen152

(C:\Users\Melinda Yager\AppData\Local\Programs\MiKTeX\tex/latex/base\fontenc.st
y
Package: fontenc 2021/04/29 v2.0v Standard LaTeX package
)
(C:\Users\Melinda Yager\AppData\Local\Programs\MiKTeX\tex/latex/fontspec\fontsp
ec.cfg)))
(C:\Users\Melinda Yager\AppData\Local\Programs\MiKTeX\tex/latex/base\fix-cm.sty
Package: fix-cm 2020/11/24 v1.1t fixes to LaTeX

(C:\Users\Melinda Yager\AppData\Local\Programs\MiKTeX\tex/latex/base\ts1enc.def
File: ts1enc.def 2001/06/05 v3.0e (jk/car/fm) Standard LaTeX file
LaTeX Font Info:    Redeclaring font encoding TS1 on input line 47.
))
\g__um_fam_int=\count285
\g__um_fonts_used_int=\count286
\l__um_primecount_int=\count287
\g__um_primekern_muskip=\muskip17

(C:\Users\Melinda Yager\AppData\Local\Programs\MiKTeX\tex/latex/unicode-math\un
icode-math-table.tex))) (C:\Users\Melinda Yager\AppData\Local\Programs\MiKTeX\t
ex/latex/lm\lmodern.sty
Package: lmodern 2015/05/01 v1.6.1 Latin Modern Fonts
LaTeX Font Info:    Overwriting symbol font `operators' in version `normal'
(Font)                  OT1/cmr/m/n --> OT1/lmr/m/n on input line 22.
LaTeX Font Info:    Overwriting symbol font `letters' in version `normal'
(Font)                  OML/cmm/m/it --> OML/lmm/m/it on input line 23.
LaTeX Font Info:    Overwriting symbol font `symbols' in version `normal'
(Font)                  OMS/cmsy/m/n --> OMS/lmsy/m/n on input line 24.
LaTeX Font Info:    Overwriting symbol font `largesymbols' in version `normal'
(Font)                  OMX/cmex/m/n --> OMX/lmex/m/n on input line 25.
LaTeX Font Info:    Overwriting symbol font `operators' in version `bold'
(Font)                  OT1/cmr/bx/n --> OT1/lmr/bx/n on input line 26.
LaTeX Font Info:    Overwriting symbol font `letters' in version `bold'
(Font)                  OML/cmm/b/it --> OML/lmm/b/it on input line 27.
LaTeX Font Info:    Overwriting symbol font `symbols' in version `bold'
(Font)                  OMS/cmsy/b/n --> OMS/lmsy/b/n on input line 28.
LaTeX Font Info:    Overwriting symbol font `largesymbols' in version `bold'
(Font)                  OMX/cmex/m/n --> OMX/lmex/m/n on input line 29.
LaTeX Font Info:    Overwriting math alphabet `\mathbf' in version `normal'
(Font)                  OT1/cmr/bx/n --> OT1/lmr/bx/n on input line 31.
LaTeX Font Info:    Overwriting math alphabet `\mathsf' in version `normal'
(Font)                  OT1/cmss/m/n --> OT1/lmss/m/n on input line 32.
LaTeX Font Info:    Overwriting math alphabet `\mathit' in version `normal'
(Font)                  OT1/cmr/m/it --> OT1/lmr/m/it on input line 33.
LaTeX Font Info:    Overwriting math alphabet `\mathtt' in version `normal'
(Font)                  OT1/cmtt/m/n --> OT1/lmtt/m/n on input line 34.
LaTeX Font Info:    Overwriting math alphabet `\mathbf' in version `bold'
(Font)                  OT1/cmr/bx/n --> OT1/lmr/bx/n on input line 35.
LaTeX Font Info:    Overwriting math alphabet `\mathsf' in version `bold'
(Font)                  OT1/cmss/bx/n --> OT1/lmss/bx/n on input line 36.
LaTeX Font Info:    Overwriting math alphabet `\mathit' in version `bold'
(Font)                  OT1/cmr/bx/it --> OT1/lmr/bx/it on input line 37.
LaTeX Font Info:    Overwriting math alphabet `\mathtt' in version `bold'
(Font)                  OT1/cmtt/m/n --> OT1/lmtt/m/n on input line 38.
)
(C:\Users\Melinda Yager\AppData\Local\Programs\MiKTeX\tex/latex/upquote\upquote
.sty
Package: upquote 2012/04/19 v1.3 upright-quote and grave-accent glyphs in verba
tim

(C:\Users\Melinda Yager\AppData\Local\Programs\MiKTeX\tex/latex/base\textcomp.s
ty
Package: textcomp 2020/02/02 v2.0n Standard LaTeX package
))
(C:\Users\Melinda Yager\AppData\Local\Programs\MiKTeX\tex/latex/microtype\micro
type.sty
Package: microtype 2023/03/13 v3.1a Micro-typographical refinements (RS)

(C:\Users\Melinda Yager\AppData\Local\Programs\MiKTeX\tex/latex/graphics\keyval
.sty
Package: keyval 2022/05/29 v1.15 key=value parser (DPC)
\KV@toks@=\toks22
)
(C:\Users\Melinda Yager\AppData\Local\Programs\MiKTeX\tex/latex/etoolbox\etoolb
ox.sty
Package: etoolbox 2020/10/05 v2.5k e-TeX tools for LaTeX (JAW)
\etb@tempcnta=\count288
)
\MT@toks=\toks23
\MT@tempbox=\box54
\MT@count=\count289
LaTeX Info: Redefining \noprotrusionifhmode on input line 1059.
LaTeX Info: Redefining \leftprotrusion on input line 1060.
\MT@prot@toks=\toks24
LaTeX Info: Redefining \rightprotrusion on input line 1078.
LaTeX Info: Redefining \textls on input line 1368.
\MT@outer@kern=\dimen153
LaTeX Info: Redefining \textmicrotypecontext on input line 1988.
\MT@listname@count=\count290

(C:\Users\Melinda Yager\AppData\Local\Programs\MiKTeX\tex/latex/microtype\micro
type-xetex.def
File: microtype-xetex.def 2023/03/13 v3.1a Definitions specific to xetex (RS)
LaTeX Info: Redefining \lsstyle on input line 238.
)
Package microtype Info: Loading configuration file microtype.cfg.

(C:\Users\Melinda Yager\AppData\Local\Programs\MiKTeX\tex/latex/microtype\micro
type.cfg
File: microtype.cfg 2023/03/13 v3.1a microtype main configuration file (RS)
))
(C:\Users\Melinda Yager\AppData\Local\Programs\MiKTeX\tex/latex/parskip\parskip
.sty
Package: parskip 2021-03-14 v2.0h non-zero parskip adjustments

(C:\Users\Melinda Yager\AppData\Local\Programs\MiKTeX\tex/latex/kvoptions\kvopt
ions.sty
Package: kvoptions 2022-06-15 v3.15 Key value format for package options (HO)

(C:\Users\Melinda Yager\AppData\Local\Programs\MiKTeX\tex/generic/ltxcmds\ltxcm
ds.sty
Package: ltxcmds 2023-12-04 v1.26 LaTeX kernel commands for general use (HO)
)
(C:\Users\Melinda Yager\AppData\Local\Programs\MiKTeX\tex/latex/kvsetkeys\kvset
keys.sty
Package: kvsetkeys 2022-10-05 v1.19 Key value parser (HO)
)))
(C:\Users\Melinda Yager\AppData\Local\Programs\MiKTeX\tex/latex/xcolor\xcolor.s
ty
Package: xcolor 2023/11/15 v3.01 LaTeX color extensions (UK)

(C:\Users\Melinda Yager\AppData\Local\Programs\MiKTeX\tex/latex/graphics-cfg\co
lor.cfg
File: color.cfg 2016/01/02 v1.6 sample color configuration
)
Package xcolor Info: Driver file: xetex.def on input line 274.

(C:\Users\Melinda Yager\AppData\Local\Programs\MiKTeX\tex/latex/graphics-def\xe
tex.def
File: xetex.def 2022/09/22 v5.0n Graphics/color driver for xetex
)
(C:\Users\Melinda Yager\AppData\Local\Programs\MiKTeX\tex/latex/graphics\mathco
lor.ltx)
Package xcolor Info: Model `cmy' substituted by `cmy0' on input line 1350.
Package xcolor Info: Model `RGB' extended on input line 1366.
Package xcolor Info: Model `HTML' substituted by `rgb' on input line 1368.
Package xcolor Info: Model `Hsb' substituted by `hsb' on input line 1369.
Package xcolor Info: Model `tHsb' substituted by `hsb' on input line 1370.
Package xcolor Info: Model `HSB' substituted by `hsb' on input line 1371.
Package xcolor Info: Model `Gray' substituted by `gray' on input line 1372.
Package xcolor Info: Model `wave' substituted by `hsb' on input line 1373.
)
(C:\Users\Melinda Yager\AppData\Local\Programs\MiKTeX\tex/latex/fancyvrb\fancyv
rb.sty
Package: fancyvrb 2024/01/20 4.5c verbatim text (tvz,hv)
\FV@CodeLineNo=\count291
\FV@InFile=\read2
\FV@TabBox=\box55
\c@FancyVerbLine=\count292
\FV@StepNumber=\count293
\FV@OutFile=\write3
)
(C:\Users\Melinda Yager\AppData\Local\Programs\MiKTeX\tex/latex/framed\framed.s
ty
Package: framed 2011/10/22 v 0.96: framed or shaded text with page breaks
\OuterFrameSep=\skip53
\fb@frw=\dimen154
\fb@frh=\dimen155
\FrameRule=\dimen156
\FrameSep=\dimen157
)
(C:\Users\Melinda Yager\AppData\Local\Programs\MiKTeX\tex/latex/tools\longtable
.sty
Package: longtable 2023-11-01 v4.19 Multi-page Table package (DPC)
\LTleft=\skip54
\LTright=\skip55
\LTpre=\skip56
\LTpost=\skip57
\LTchunksize=\count294
\LTcapwidth=\dimen158
\LT@head=\box56
\LT@firsthead=\box57
\LT@foot=\box58
\LT@lastfoot=\box59
\LT@gbox=\box60
\LT@cols=\count295
\LT@rows=\count296
\c@LT@tables=\count297
\c@LT@chunks=\count298
\LT@p@ftn=\toks25
)
(C:\Users\Melinda Yager\AppData\Local\Programs\MiKTeX\tex/latex/booktabs\bookta
bs.sty
Package: booktabs 2020/01/12 v1.61803398 Publication quality tables
\heavyrulewidth=\dimen159
\lightrulewidth=\dimen160
\cmidrulewidth=\dimen161
\belowrulesep=\dimen162
\belowbottomsep=\dimen163
\aboverulesep=\dimen164
\abovetopsep=\dimen165
\cmidrulesep=\dimen166
\cmidrulekern=\dimen167
\defaultaddspace=\dimen168
\@cmidla=\count299
\@cmidlb=\count300
\@aboverulesep=\dimen169
\@belowrulesep=\dimen170
\@thisruleclass=\count301
\@lastruleclass=\count302
\@thisrulewidth=\dimen171
)
(C:\Users\Melinda Yager\AppData\Local\Programs\MiKTeX\tex/latex/tools\array.sty
Package: array 2023/10/16 v2.5g Tabular extension package (FMi)
\col@sep=\dimen172
\ar@mcellbox=\box61
\extrarowheight=\dimen173
\NC@list=\toks26
\extratabsurround=\skip58
\backup@length=\skip59
\ar@cellbox=\box62
) (C:\Users\Melinda Yager\AppData\Local\Programs\MiKTeX\tex/latex/tools\calc.st
y
Package: calc 2023/07/08 v4.3 Infix arithmetic (KKT,FJ)
\calc@Acount=\count303
\calc@Bcount=\count304
\calc@Adimen=\dimen174
\calc@Bdimen=\dimen175
\calc@Askip=\skip60
\calc@Bskip=\skip61
LaTeX Info: Redefining \setlength on input line 80.
LaTeX Info: Redefining \addtolength on input line 81.
\calc@Ccount=\count305
\calc@Cskip=\skip62
)
(C:\Users\Melinda Yager\AppData\Local\Programs\MiKTeX\tex/latex/footnotehyper\f
ootnotehyper.sty
Package: footnotehyper 2021/08/13 v1.1e hyperref aware footnote.sty (JFB)
\FNH@notes=\box63
\FNH@width=\dimen176
\FNH@toks=\toks27
)
(C:\Users\Melinda Yager\AppData\Local\Programs\MiKTeX\tex/latex/graphics\graphi
cx.sty
Package: graphicx 2021/09/16 v1.2d Enhanced LaTeX Graphics (DPC,SPQR)

(C:\Users\Melinda Yager\AppData\Local\Programs\MiKTeX\tex/latex/graphics\graphi
cs.sty
Package: graphics 2022/03/10 v1.4e Standard LaTeX Graphics (DPC,SPQR)

(C:\Users\Melinda Yager\AppData\Local\Programs\MiKTeX\tex/latex/graphics\trig.s
ty
Package: trig 2021/08/11 v1.11 sin cos tan (DPC)
)
(C:\Users\Melinda Yager\AppData\Local\Programs\MiKTeX\tex/latex/graphics-cfg\gr
aphics.cfg
File: graphics.cfg 2016/06/04 v1.11 sample graphics configuration
)
Package graphics Info: Driver file: xetex.def on input line 107.
)
\Gin@req@height=\dimen177
\Gin@req@width=\dimen178
)
\cslhangindent=\skip63
\csllabelwidth=\skip64
\cslentryspacingunit=\skip65

(C:\Users\Melinda Yager\AppData\Local\Programs\MiKTeX\tex/latex/geometry\geomet
ry.sty
Package: geometry 2020/01/02 v5.9 Page Geometry

(C:\Users\Melinda Yager\AppData\Local\Programs\MiKTeX\tex/generic/iftex\ifvtex.
sty
Package: ifvtex 2019/10/25 v1.7 ifvtex legacy package. Use iftex instead.
)
\Gm@cnth=\count306
\Gm@cntv=\count307
\c@Gm@tempcnt=\count308
\Gm@bindingoffset=\dimen179
\Gm@wd@mp=\dimen180
\Gm@odd@mp=\dimen181
\Gm@even@mp=\dimen182
\Gm@layoutwidth=\dimen183
\Gm@layoutheight=\dimen184
\Gm@layouthoffset=\dimen185
\Gm@layoutvoffset=\dimen186
\Gm@dimlist=\toks28

(C:\Users\Melinda Yager\AppData\Local\Programs\MiKTeX\tex/latex/geometry\geomet
ry.cfg))
(C:\Users\Melinda Yager\AppData\Local\Programs\MiKTeX\tex/latex/hyphenat\hyphen
at.sty
Package: hyphenat 2009/09/02 v2.3c hyphenation utilities
\langwohyphens=\language79
LaTeX Info: Redefining \_ on input line 43.
)
(C:\Users\Melinda Yager\AppData\Local\Programs\MiKTeX\tex/latex/titlesec\titles
ec.sty
Package: titlesec 2023/10/27 v2.16 Sectioning titles
\ttl@box=\box64
\beforetitleunit=\skip66
\aftertitleunit=\skip67
\ttl@plus=\dimen187
\ttl@minus=\dimen188
\ttl@toksa=\toks29
\titlewidth=\dimen189
\titlewidthlast=\dimen190
\titlewidthfirst=\dimen191
)
(C:\Users\Melinda Yager\AppData\Local\Programs\MiKTeX\tex/latex/setspace\setspa
ce.sty
Package: setspace 2022/12/04 v6.7b set line spacing
)
(C:\Users\Melinda Yager\AppData\Local\Programs\MiKTeX\tex/latex/pdfpages\pdfpag
es.sty
Package: pdfpages 2024/01/21 v0.5y Insert pages of external PDF documents (AM)

(C:\Users\Melinda Yager\AppData\Local\Programs\MiKTeX\tex/latex/base\ifthen.sty
Package: ifthen 2022/04/13 v1.1d Standard LaTeX ifthen package (DPC)
)
(C:\Users\Melinda Yager\AppData\Local\Programs\MiKTeX\tex/latex/eso-pic\eso-pic
.sty
Package: eso-pic 2023/05/03 v3.0c eso-pic (RN)
\ESO@tempdima=\dimen192
\ESO@tempdimb=\dimen193
)
\AM@pagewidth=\dimen194
\AM@pageheight=\dimen195
\AM@fboxrule=\dimen196

(C:\Users\Melinda Yager\AppData\Local\Programs\MiKTeX\tex/latex/pdfpages\ppxete
x.def
File: ppxetex.def 2024/01/21 v0.5y Pdfpages driver for XeTeX (AM)
)
\pdfpages@includegraphics@status=\count309
\AM@pagebox=\box65
\AM@global@opts=\toks30
\AM@pagecnt=\count310
\AM@toc@title=\toks31
\AM@lof@heading=\toks32
\c@AM@survey=\count311
\AM@templatesizebox=\box66
)
(C:\Users\Melinda Yager\AppData\Local\Programs\MiKTeX\tex/latex/bookmark\bookma
rk.sty
Package: bookmark 2023-12-10 v1.31 PDF bookmarks (HO)

(C:\Users\Melinda Yager\AppData\Local\Programs\MiKTeX\tex/latex/hyperref\hyperr
ef.sty
Package: hyperref 2024-01-20 v7.01h Hypertext links for LaTeX

(C:\Users\Melinda Yager\AppData\Local\Programs\MiKTeX\tex/generic/kvdefinekeys\
kvdefinekeys.sty
Package: kvdefinekeys 2019-12-19 v1.6 Define keys (HO)
)
(C:\Users\Melinda Yager\AppData\Local\Programs\MiKTeX\tex/generic/pdfescape\pdf
escape.sty
Package: pdfescape 2019/12/09 v1.15 Implements pdfTeX's escape features (HO)

(C:\Users\Melinda Yager\AppData\Local\Programs\MiKTeX\tex/generic/pdftexcmds\pd
ftexcmds.sty
Package: pdftexcmds 2020-06-27 v0.33 Utility functions of pdfTeX for LuaTeX (HO
)

(C:\Users\Melinda Yager\AppData\Local\Programs\MiKTeX\tex/generic/infwarerr\inf
warerr.sty
Package: infwarerr 2019/12/03 v1.5 Providing info/warning/error messages (HO)
)
Package pdftexcmds Info: \pdf@primitive is available.
Package pdftexcmds Info: \pdf@ifprimitive is available.
Package pdftexcmds Info: \pdfdraftmode not found.
))
(C:\Users\Melinda Yager\AppData\Local\Programs\MiKTeX\tex/latex/hycolor\hycolor
.sty
Package: hycolor 2020-01-27 v1.10 Color options for hyperref/bookmark (HO)
)
(C:\Users\Melinda Yager\AppData\Local\Programs\MiKTeX\tex/latex/auxhook\auxhook
.sty
Package: auxhook 2019-12-17 v1.6 Hooks for auxiliary files (HO)
)
(C:\Users\Melinda Yager\AppData\Local\Programs\MiKTeX\tex/latex/hyperref\namere
f.sty
Package: nameref 2023-11-26 v2.56 Cross-referencing by name of section

(C:\Users\Melinda Yager\AppData\Local\Programs\MiKTeX\tex/latex/refcount\refcou
nt.sty
Package: refcount 2019/12/15 v3.6 Data extraction from label references (HO)
)
(C:\Users\Melinda Yager\AppData\Local\Programs\MiKTeX\tex/generic/gettitlestrin
g\gettitlestring.sty
Package: gettitlestring 2019/12/15 v1.6 Cleanup title references (HO)
)
\c@section@level=\count312
)
\@linkdim=\dimen197
\Hy@linkcounter=\count313
\Hy@pagecounter=\count314

(C:\Users\Melinda Yager\AppData\Local\Programs\MiKTeX\tex/latex/hyperref\pd1enc
.def
File: pd1enc.def 2024-01-20 v7.01h Hyperref: PDFDocEncoding definition (HO)
)
(C:\Users\Melinda Yager\AppData\Local\Programs\MiKTeX\tex/generic/intcalc\intca
lc.sty
Package: intcalc 2019/12/15 v1.3 Expandable calculations with integers (HO)
)
\Hy@SavedSpaceFactor=\count315

(C:\Users\Melinda Yager\AppData\Local\Programs\MiKTeX\tex/latex/hyperref\puenc.
def
File: puenc.def 2024-01-20 v7.01h Hyperref: PDF Unicode definition (HO)
)
Package hyperref Info: Option `unicode' set `true' on input line 4062.
Package hyperref Info: Hyper figures OFF on input line 4179.
Package hyperref Info: Link nesting OFF on input line 4184.
Package hyperref Info: Hyper index ON on input line 4187.
Package hyperref Info: Plain pages OFF on input line 4194.
Package hyperref Info: Backreferencing OFF on input line 4199.
Package hyperref Info: Implicit mode ON; LaTeX internals redefined.
Package hyperref Info: Bookmarks ON on input line 4446.
\c@Hy@tempcnt=\count316
(C:\Users\Melinda Yager\AppData\Local\Programs\MiKTeX\tex/latex/url\url.sty
\Urlmuskip=\muskip18
Package: url 2013/09/16  ver 3.4  Verb mode for urls, etc.
)
LaTeX Info: Redefining \url on input line 4784.
\XeTeXLinkMargin=\dimen198

(C:\Users\Melinda Yager\AppData\Local\Programs\MiKTeX\tex/generic/bitset\bitset
.sty
Package: bitset 2019/12/09 v1.3 Handle bit-vector datatype (HO)

(C:\Users\Melinda Yager\AppData\Local\Programs\MiKTeX\tex/generic/bigintcalc\bi
gintcalc.sty
Package: bigintcalc 2019/12/15 v1.5 Expandable calculations on big integers (HO
)
))
\Fld@menulength=\count317
\Field@Width=\dimen199
\Fld@charsize=\dimen256
Package hyperref Info: Hyper figures OFF on input line 6063.
Package hyperref Info: Link nesting OFF on input line 6068.
Package hyperref Info: Hyper index ON on input line 6071.
Package hyperref Info: backreferencing OFF on input line 6078.
Package hyperref Info: Link coloring OFF on input line 6083.
Package hyperref Info: Link coloring with OCG OFF on input line 6088.
Package hyperref Info: PDF/A mode OFF on input line 6093.

(C:\Users\Melinda Yager\AppData\Local\Programs\MiKTeX\tex/latex/base\atbegshi-l
tx.sty
Package: atbegshi-ltx 2021/01/10 v1.0c Emulation of the original atbegshi
package with kernel methods
)
\Hy@abspage=\count318
\c@Item=\count319
\c@Hfootnote=\count320
)
Package hyperref Info: Driver (autodetected): hxetex.

(C:\Users\Melinda Yager\AppData\Local\Programs\MiKTeX\tex/latex/hyperref\hxetex
.def
File: hxetex.def 2024-01-20 v7.01h Hyperref driver for XeTeX

(C:\Users\Melinda Yager\AppData\Local\Programs\MiKTeX\tex/generic/stringenc\str
ingenc.sty
Package: stringenc 2019/11/29 v1.12 Convert strings between diff. encodings (HO
)
)
\pdfm@box=\box67
\c@Hy@AnnotLevel=\count321
\HyField@AnnotCount=\count322
\Fld@listcount=\count323
\c@bookmark@seq@number=\count324

(C:\Users\Melinda Yager\AppData\Local\Programs\MiKTeX\tex/latex/rerunfilecheck\
rerunfilecheck.sty
Package: rerunfilecheck 2022-07-10 v1.10 Rerun checks for auxiliary files (HO)

(C:\Users\Melinda Yager\AppData\Local\Programs\MiKTeX\tex/latex/base\atveryend-
ltx.sty
Package: atveryend-ltx 2020/08/19 v1.0a Emulation of the original atveryend pac
kage
with kernel methods
)
(C:\Users\Melinda Yager\AppData\Local\Programs\MiKTeX\tex/generic/uniquecounter
\uniquecounter.sty
Package: uniquecounter 2019/12/15 v1.4 Provide unlimited unique counter (HO)
)
Package uniquecounter Info: New unique counter `rerunfilecheck' on input line 2
85.
)
\Hy@SectionHShift=\skip68
)
(C:\Users\Melinda Yager\AppData\Local\Programs\MiKTeX\tex/latex/bookmark\bkm-dv
ipdfm.def
File: bkm-dvipdfm.def 2023-12-10 v1.31 bookmark driver for dvipdfm (HO)
\BKM@id=\count325
)) (C:\Users\Melinda Yager\AppData\Local\Programs\MiKTeX\tex/latex/xurl\xurl.st
y
Package: xurl 2022/01/09 v 0.10 modify URL breaks
) (IntroStatActivitiesHybrid.aux

LaTeX Warning: Label `fig:Normalcur' multiply defined.

)
\openout1 = `IntroStatActivitiesHybrid.aux'.

LaTeX Font Info:    Checking defaults for OML/cmm/m/it on input line 192.
LaTeX Font Info:    ... okay on input line 192.
LaTeX Font Info:    Checking defaults for OMS/cmsy/m/n on input line 192.
LaTeX Font Info:    ... okay on input line 192.
LaTeX Font Info:    Checking defaults for OT1/cmr/m/n on input line 192.
LaTeX Font Info:    ... okay on input line 192.
LaTeX Font Info:    Checking defaults for T1/cmr/m/n on input line 192.
LaTeX Font Info:    ... okay on input line 192.
LaTeX Font Info:    Checking defaults for TS1/cmr/m/n on input line 192.
LaTeX Font Info:    ... okay on input line 192.
LaTeX Font Info:    Checking defaults for TU/lmr/m/n on input line 192.
LaTeX Font Info:    ... okay on input line 192.
LaTeX Font Info:    Checking defaults for OMX/cmex/m/n on input line 192.
LaTeX Font Info:    ... okay on input line 192.
LaTeX Font Info:    Checking defaults for U/cmr/m/n on input line 192.
LaTeX Font Info:    ... okay on input line 192.
LaTeX Font Info:    Checking defaults for PD1/pdf/m/n on input line 192.
LaTeX Font Info:    ... okay on input line 192.
LaTeX Font Info:    Checking defaults for PU/pdf/m/n on input line 192.
LaTeX Font Info:    ... okay on input line 192.
LaTeX Font Info:    Overwriting math alphabet `\mathrm' in version `normal'
(Font)                  OT1/lmr/m/n --> TU/lmr/m/n on input line 192.
LaTeX Font Info:    Overwriting math alphabet `\mathit' in version `normal'
(Font)                  OT1/lmr/m/it --> TU/lmr/m/it on input line 192.
LaTeX Font Info:    Overwriting math alphabet `\mathbf' in version `normal'
(Font)                  OT1/lmr/bx/n --> TU/lmr/bx/n on input line 192.
LaTeX Font Info:    Overwriting math alphabet `\mathsf' in version `normal'
(Font)                  OT1/lmss/m/n --> TU/lmss/m/n on input line 192.
LaTeX Font Info:    Overwriting math alphabet `\mathsf' in version `bold'
(Font)                  OT1/lmss/bx/n --> TU/lmss/bx/n on input line 192.
LaTeX Font Info:    Overwriting math alphabet `\mathtt' in version `normal'
(Font)                  OT1/lmtt/m/n --> TU/lmtt/m/n on input line 192.
LaTeX Font Info:    Overwriting math alphabet `\mathtt' in version `bold'
(Font)                  OT1/lmtt/m/n --> TU/lmtt/bx/n on input line 192.

Package fontspec Info: latinmodern-math scale = 0.9999964596882403.


Package fontspec Info: latinmodern-math scale = 0.9999964596882403.


Package fontspec Info: latinmodern-math scale = 0.9999964596882403.


Package fontspec Info: Font family 'latinmodern-math.otf(0)' created for font
(fontspec)             'latinmodern-math.otf' with options
(fontspec)             [Scale=MatchLowercase,BoldItalicFont={},ItalicFont={},Sm
allCapsFont={},Script=Math,BoldFont={latinmodern-math.otf}].
(fontspec)              
(fontspec)              This font family consists of the following NFSS
(fontspec)             series/shapes:
(fontspec)              
(fontspec)             - 'normal' (m/n) with NFSS spec.:
(fontspec)             <->s*[0.9999964596882403]"[latinmodern-math.otf]/OT:scri
pt=math;language=dflt;"
(fontspec)             - 'small caps'  (m/sc) with NFSS spec.: 
(fontspec)             - 'bold' (b/n) with NFSS spec.:
(fontspec)             <->s*[0.9999964596882403]"[latinmodern-math.otf]/OT:scri
pt=math;language=dflt;"
(fontspec)             - 'bold small caps'  (b/sc) with NFSS spec.: 

LaTeX Font Info:    Font shape `TU/latinmodern-math.otf(0)/m/n' will be
(Font)              scaled to size 10.0pt on input line 192.

Package fontspec Info: latinmodern-math scale = 0.9999964596882403.


Package fontspec Info: latinmodern-math scale = 0.9999964596882403.


Package fontspec Info: latinmodern-math scale = 0.9999964596882403.


Package fontspec Info: latinmodern-math scale = 0.9999964596882403.


Package fontspec Info: latinmodern-math scale = 0.9999964596882403.


Package fontspec Info: Font family 'latinmodern-math.otf(1)' created for font
(fontspec)             'latinmodern-math.otf' with options
(fontspec)             [Scale=MatchLowercase,BoldItalicFont={},ItalicFont={},Sm
allCapsFont={},Script=Math,SizeFeatures={{Size=8.5-},{Size=6-8.5,Font=latinmode
rn-math.otf,Style=MathScript},{Size=-6,Font=latinmodern-math.otf,Style=MathScri
ptScript}},BoldFont={latinmodern-math.otf}].
(fontspec)              
(fontspec)              This font family consists of the following NFSS
(fontspec)             series/shapes:
(fontspec)              
(fontspec)             - 'normal' (m/n) with NFSS spec.:
(fontspec)             <8.5->s*[0.9999964596882403]"[latinmodern-math.otf]/OT:s
cript=math;language=dflt;"<6-8.5>s*[0.9999964596882403]"[latinmodern-math.otf]/
OT:script=math;language=dflt;+ssty=0;"<-6>s*[0.9999964596882403]"[latinmodern-m
ath.otf]/OT:script=math;language=dflt;+ssty=1;"
(fontspec)             - 'small caps'  (m/sc) with NFSS spec.: 
(fontspec)             - 'bold' (b/n) with NFSS spec.:
(fontspec)             <->s*[0.9999964596882403]"[latinmodern-math.otf]/OT:scri
pt=math;language=dflt;"
(fontspec)             - 'bold small caps'  (b/sc) with NFSS spec.: 

LaTeX Font Info:    Font shape `TU/latinmodern-math.otf(1)/m/n' will be
(Font)              scaled to size 10.0pt on input line 192.
LaTeX Font Info:    Encoding `OT1' has changed to `TU' for symbol font
(Font)              `operators' in the math version `normal' on input line 192.

LaTeX Font Info:    Overwriting symbol font `operators' in version `normal'
(Font)                  OT1/lmr/m/n --> TU/latinmodern-math.otf(1)/m/n on input
 line 192.
LaTeX Font Info:    Encoding `OT1' has changed to `TU' for symbol font
(Font)              `operators' in the math version `bold' on input line 192.
LaTeX Font Info:    Overwriting symbol font `operators' in version `bold'
(Font)                  OT1/lmr/bx/n --> TU/latinmodern-math.otf(1)/b/n on inpu
t line 192.

Package fontspec Info: latinmodern-math scale = 0.9999964596882403.


Package fontspec Info: latinmodern-math scale = 1.000096459334209.


Package fontspec Info: latinmodern-math scale = 0.9999964596882403.


Package fontspec Info: latinmodern-math scale = 1.000096459334209.


Package fontspec Info: latinmodern-math scale = 0.9999964596882403.


Package fontspec Info: latinmodern-math scale = 1.000096459334209.


Package fontspec Info: latinmodern-math scale = 0.9999964596882403.


Package fontspec Info: latinmodern-math scale = 1.000096459334209.


Package fontspec Info: latinmodern-math scale = 0.9999964596882403.


Package fontspec Info: latinmodern-math scale = 1.000096459334209.


Package fontspec Info: Font family 'latinmodern-math.otf(2)' created for font
(fontspec)             'latinmodern-math.otf' with options
(fontspec)             [Scale=MatchLowercase,BoldItalicFont={},ItalicFont={},Sm
allCapsFont={},Script=Math,SizeFeatures={{Size=8.5-},{Size=6-8.5,Font=latinmode
rn-math.otf,Style=MathScript},{Size=-6,Font=latinmodern-math.otf,Style=MathScri
ptScript}},BoldFont={latinmodern-math.otf},ScaleAgain=1.0001,FontAdjustment={\f
ontdimen
(fontspec)             8\font =6.77pt\relax \fontdimen 9\font =3.94pt\relax
(fontspec)             \fontdimen 10\font =4.44pt\relax \fontdimen 11\font
(fontspec)             =6.86pt\relax \fontdimen 12\font =3.45pt\relax
(fontspec)             \fontdimen 13\font =3.63pt\relax \fontdimen 14\font
(fontspec)             =3.63pt\relax \fontdimen 15\font =2.89pt\relax
(fontspec)             \fontdimen 16\font =2.47pt\relax \fontdimen 17\font
(fontspec)             =2.47pt\relax \fontdimen 18\font =2.5pt\relax
(fontspec)             \fontdimen 19\font =2.0pt\relax \fontdimen 22\font
(fontspec)             =2.5pt\relax \fontdimen 20\font =0pt\relax \fontdimen
(fontspec)             21\font =0pt\relax }].
(fontspec)              
(fontspec)              This font family consists of the following NFSS
(fontspec)             series/shapes:
(fontspec)              
(fontspec)             - 'normal' (m/n) with NFSS spec.:
(fontspec)             <8.5->s*[1.000096459334209]"[latinmodern-math.otf]/OT:sc
ript=math;language=dflt;"<6-8.5>s*[1.000096459334209]"[latinmodern-math.otf]/OT
:script=math;language=dflt;+ssty=0;"<-6>s*[1.000096459334209]"[latinmodern-math
.otf]/OT:script=math;language=dflt;+ssty=1;"
(fontspec)             - 'small caps'  (m/sc) with NFSS spec.: 
(fontspec)             and font adjustment code:
(fontspec)             \fontdimen 8\font =6.77pt\relax \fontdimen 9\font
(fontspec)             =3.94pt\relax \fontdimen 10\font =4.44pt\relax
(fontspec)             \fontdimen 11\font =6.86pt\relax \fontdimen 12\font
(fontspec)             =3.45pt\relax \fontdimen 13\font =3.63pt\relax
(fontspec)             \fontdimen 14\font =3.63pt\relax \fontdimen 15\font
(fontspec)             =2.89pt\relax \fontdimen 16\font =2.47pt\relax
(fontspec)             \fontdimen 17\font =2.47pt\relax \fontdimen 18\font
(fontspec)             =2.5pt\relax \fontdimen 19\font =2.0pt\relax \fontdimen
(fontspec)             22\font =2.5pt\relax \fontdimen 20\font =0pt\relax
(fontspec)             \fontdimen 21\font =0pt\relax 
(fontspec)             - 'bold' (b/n) with NFSS spec.:
(fontspec)             <->s*[1.000096459334209]"[latinmodern-math.otf]/OT:scrip
t=math;language=dflt;"
(fontspec)             - 'bold small caps'  (b/sc) with NFSS spec.: 
(fontspec)             and font adjustment code:
(fontspec)             \fontdimen 8\font =6.77pt\relax \fontdimen 9\font
(fontspec)             =3.94pt\relax \fontdimen 10\font =4.44pt\relax
(fontspec)             \fontdimen 11\font =6.86pt\relax \fontdimen 12\font
(fontspec)             =3.45pt\relax \fontdimen 13\font =3.63pt\relax
(fontspec)             \fontdimen 14\font =3.63pt\relax \fontdimen 15\font
(fontspec)             =2.89pt\relax \fontdimen 16\font =2.47pt\relax
(fontspec)             \fontdimen 17\font =2.47pt\relax \fontdimen 18\font
(fontspec)             =2.5pt\relax \fontdimen 19\font =2.0pt\relax \fontdimen
(fontspec)             22\font =2.5pt\relax \fontdimen 20\font =0pt\relax
(fontspec)             \fontdimen 21\font =0pt\relax 

LaTeX Font Info:    Encoding `OMS' has changed to `TU' for symbol font
(Font)              `symbols' in the math version `normal' on input line 192.
LaTeX Font Info:    Overwriting symbol font `symbols' in version `normal'
(Font)                  OMS/lmsy/m/n --> TU/latinmodern-math.otf(2)/m/n on inpu
t line 192.
LaTeX Font Info:    Encoding `OMS' has changed to `TU' for symbol font
(Font)              `symbols' in the math version `bold' on input line 192.
LaTeX Font Info:    Overwriting symbol font `symbols' in version `bold'
(Font)                  OMS/lmsy/b/n --> TU/latinmodern-math.otf(2)/b/n on inpu
t line 192.

Package fontspec Info: latinmodern-math scale = 0.9999964596882403.


Package fontspec Info: latinmodern-math scale = 0.9998964600422715.


Package fontspec Info: latinmodern-math scale = 0.9999964596882403.


Package fontspec Info: latinmodern-math scale = 0.9998964600422715.


Package fontspec Info: latinmodern-math scale = 0.9999964596882403.


Package fontspec Info: latinmodern-math scale = 0.9998964600422715.


Package fontspec Info: latinmodern-math scale = 0.9999964596882403.


Package fontspec Info: latinmodern-math scale = 0.9998964600422715.


Package fontspec Info: latinmodern-math scale = 0.9999964596882403.


Package fontspec Info: latinmodern-math scale = 0.9998964600422715.


Package fontspec Info: Font family 'latinmodern-math.otf(3)' created for font
(fontspec)             'latinmodern-math.otf' with options
(fontspec)             [Scale=MatchLowercase,BoldItalicFont={},ItalicFont={},Sm
allCapsFont={},Script=Math,SizeFeatures={{Size=8.5-},{Size=6-8.5,Font=latinmode
rn-math.otf,Style=MathScript},{Size=-6,Font=latinmodern-math.otf,Style=MathScri
ptScript}},BoldFont={latinmodern-math.otf},ScaleAgain=0.9999,FontAdjustment={\f
ontdimen
(fontspec)             8\font =0.4pt\relax \fontdimen 9\font =2.0pt\relax
(fontspec)             \fontdimen 10\font =1.67pt\relax \fontdimen 11\font
(fontspec)             =1.11pt\relax \fontdimen 12\font =6.0pt\relax
(fontspec)             \fontdimen 13\font =0pt\relax }].
(fontspec)              
(fontspec)              This font family consists of the following NFSS
(fontspec)             series/shapes:
(fontspec)              
(fontspec)             - 'normal' (m/n) with NFSS spec.:
(fontspec)             <8.5->s*[0.9998964600422715]"[latinmodern-math.otf]/OT:s
cript=math;language=dflt;"<6-8.5>s*[0.9998964600422715]"[latinmodern-math.otf]/
OT:script=math;language=dflt;+ssty=0;"<-6>s*[0.9998964600422715]"[latinmodern-m
ath.otf]/OT:script=math;language=dflt;+ssty=1;"
(fontspec)             - 'small caps'  (m/sc) with NFSS spec.: 
(fontspec)             and font adjustment code:
(fontspec)             \fontdimen 8\font =0.4pt\relax \fontdimen 9\font
(fontspec)             =2.0pt\relax \fontdimen 10\font =1.67pt\relax
(fontspec)             \fontdimen 11\font =1.11pt\relax \fontdimen 12\font
(fontspec)             =6.0pt\relax \fontdimen 13\font =0pt\relax 
(fontspec)             - 'bold' (b/n) with NFSS spec.:
(fontspec)             <->s*[0.9998964600422715]"[latinmodern-math.otf]/OT:scri
pt=math;language=dflt;"
(fontspec)             - 'bold small caps'  (b/sc) with NFSS spec.: 
(fontspec)             and font adjustment code:
(fontspec)             \fontdimen 8\font =0.4pt\relax \fontdimen 9\font
(fontspec)             =2.0pt\relax \fontdimen 10\font =1.67pt\relax
(fontspec)             \fontdimen 11\font =1.11pt\relax \fontdimen 12\font
(fontspec)             =6.0pt\relax \fontdimen 13\font =0pt\relax 

LaTeX Font Info:    Encoding `OMX' has changed to `TU' for symbol font
(Font)              `largesymbols' in the math version `normal' on input line 1
92.
LaTeX Font Info:    Overwriting symbol font `largesymbols' in version `normal'
(Font)                  OMX/lmex/m/n --> TU/latinmodern-math.otf(3)/m/n on inpu
t line 192.
LaTeX Font Info:    Encoding `OMX' has changed to `TU' for symbol font
(Font)              `largesymbols' in the math version `bold' on input line 192
.
LaTeX Font Info:    Overwriting symbol font `largesymbols' in version `bold'
(Font)                  OMX/lmex/m/n --> TU/latinmodern-math.otf(3)/b/n on inpu
t line 192.
LaTeX Info: Redefining \microtypecontext on input line 192.
Package microtype Info: Applying patch `item' on input line 192.
Package microtype Info: Applying patch `toc' on input line 192.
Package microtype Info: Applying patch `eqnum' on input line 192.
Package microtype Info: Applying patch `footnote' on input line 192.
Package microtype Info: Applying patch `verbatim' on input line 192.
Package microtype Info: Character protrusion enabled (level 2).
Package microtype Info: Using protrusion set `basicmath'.
Package microtype Info: No adjustment of tracking.
Package microtype Info: No adjustment of spacing.
Package microtype Info: No adjustment of kerning.

(C:\Users\Melinda Yager\AppData\Local\Programs\MiKTeX\tex/latex/microtype\mt-La
tinModernRoman.cfg
File: mt-LatinModernRoman.cfg 2021/02/21 v1.1 microtype config. file: Latin Mod
ern Roman (RS)
)
*geometry* driver: auto-detecting
*geometry* detected driver: xetex
*geometry* verbose mode - [ preamble ] result:
* driver: xetex
* paper: <default>
* layout: <same size as paper>
* layoutoffset:(h,v)=(0.0pt,0.0pt)
* modes: 
* h-part:(L,W,R)=(92.14519pt, 430.00462pt, 92.14519pt)
* v-part:(T,H,B)=(95.39737pt, 556.47656pt, 143.09605pt)
* \paperwidth=614.295pt
* \paperheight=794.96999pt
* \textwidth=486.91013pt
* \textheight=641.83482pt
* \oddsidemargin=-8.57755pt
* \evensidemargin=-8.57755pt
* \topmargin=-28.45274pt
* \headheight=12.0pt
* \headsep=25.0pt
* \topskip=10.0pt
* \footskip=30.0pt
* \marginparwidth=65.0pt
* \marginparsep=11.0pt
* \columnsep=10.0pt
* \skip\footins=9.0pt plus 4.0pt minus 2.0pt
* \hoffset=0.0pt
* \voffset=0.0pt
* \mag=1000
* \@twocolumnfalse
* \@twosidefalse
* \@mparswitchfalse
* \@reversemarginfalse
* (1in=72.27pt=25.4mm, 1cm=28.453pt)


(C:\Users\Melinda Yager\AppData\Local\Programs\MiKTeX\tex/latex/pdflscape\pdfls
cape.sty
Package: pdflscape 2022-10-27 v0.13 Display of landscape pages in PDF

(C:\Users\Melinda Yager\AppData\Local\Programs\MiKTeX\tex/latex/pdflscape\pdfls
cape-nometadata.sty
Package: pdflscape-nometadata 2022-10-28 v0.13 Display of landscape pages in PD
F (HO)

(C:\Users\Melinda Yager\AppData\Local\Programs\MiKTeX\tex/latex/graphics\lscape
.sty
Package: lscape 2020/05/28 v3.02 Landscape Pages (DPC)
)
Package pdflscape Info: Auto-detected driver: dvipdfm (xetex) on input line 98.

))
Package hyperref Info: Link coloring OFF on input line 192.
File: images/msu-campus.jpg Graphic file (type bmp)
<images/msu-campus.jpg>
LaTeX Font Info:    Font shape `TU/latinmodern-math.otf(1)/m/n' will be
(Font)              scaled to size 12.0pt on input line 194.
LaTeX Font Info:    Font shape `TU/latinmodern-math.otf(1)/m/n' will be
(Font)              scaled to size 8.0pt on input line 194.
LaTeX Font Info:    Font shape `TU/latinmodern-math.otf(1)/m/n' will be
(Font)              scaled to size 6.0pt on input line 194.
LaTeX Font Info:    Trying to load font information for OML+lmm on input line 1
94.
(C:\Users\Melinda Yager\AppData\Local\Programs\MiKTeX\tex/latex/lm\omllmm.fd
File: omllmm.fd 2015/05/01 v1.6.1 Font defs for Latin Modern
)
LaTeX Font Info:    Font shape `TU/latinmodern-math.otf(2)/m/n' will be
(Font)              scaled to size 12.0011pt on input line 194.
LaTeX Font Info:    Font shape `TU/latinmodern-math.otf(2)/m/n' will be
(Font)              scaled to size 8.00073pt on input line 194.
LaTeX Font Info:    Font shape `TU/latinmodern-math.otf(2)/m/n' will be
(Font)              scaled to size 6.00055pt on input line 194.
LaTeX Font Info:    Font shape `TU/latinmodern-math.otf(3)/m/n' will be
(Font)              scaled to size 11.99872pt on input line 194.
LaTeX Font Info:    Font shape `TU/latinmodern-math.otf(3)/m/n' will be
(Font)              scaled to size 7.99915pt on input line 194.
LaTeX Font Info:    Font shape `TU/latinmodern-math.otf(3)/m/n' will be
(Font)              scaled to size 5.99936pt on input line 194.
LaTeX Font Info:    Trying to load font information for U+msa on input line 194
.

(C:\Users\Melinda Yager\AppData\Local\Programs\MiKTeX\tex/latex/amsfonts\umsa.f
d
File: umsa.fd 2013/01/14 v3.01 AMS symbols A
)
(C:\Users\Melinda Yager\AppData\Local\Programs\MiKTeX\tex/latex/microtype\mt-ms
a.cfg
File: mt-msa.cfg 2006/02/04 v1.1 microtype config. file: AMS symbols (a) (RS)
)
LaTeX Font Info:    Trying to load font information for U+msb on input line 194
.

(C:\Users\Melinda Yager\AppData\Local\Programs\MiKTeX\tex/latex/amsfonts\umsb.f
d
File: umsb.fd 2013/01/14 v3.01 AMS symbols B
)
(C:\Users\Melinda Yager\AppData\Local\Programs\MiKTeX\tex/latex/microtype\mt-ms
b.cfg
File: mt-msb.cfg 2005/06/01 v1.0 microtype config. file: AMS symbols (b) (RS)
) [1

]
LaTeX Font Info:    Font shape `TU/latinmodern-math.otf(1)/m/n' will be
(Font)              scaled to size 7.0pt on input line 198.
LaTeX Font Info:    Font shape `TU/latinmodern-math.otf(1)/m/n' will be
(Font)              scaled to size 5.0pt on input line 198.
LaTeX Font Info:    Font shape `TU/latinmodern-math.otf(2)/m/n' will be
(Font)              scaled to size 10.00092pt on input line 198.
LaTeX Font Info:    Font shape `TU/latinmodern-math.otf(2)/m/n' will be
(Font)              scaled to size 7.00064pt on input line 198.
LaTeX Font Info:    Font shape `TU/latinmodern-math.otf(2)/m/n' will be
(Font)              scaled to size 5.00046pt on input line 198.
LaTeX Font Info:    Font shape `TU/latinmodern-math.otf(3)/m/n' will be
(Font)              scaled to size 9.99893pt on input line 198.
LaTeX Font Info:    Font shape `TU/latinmodern-math.otf(3)/m/n' will be
(Font)              scaled to size 6.99925pt on input line 198.
LaTeX Font Info:    Font shape `TU/latinmodern-math.otf(3)/m/n' will be
(Font)              scaled to size 4.99947pt on input line 198.
[1] (IntroStatActivitiesHybrid.toc [2

])
\tf@toc=\write4
\openout4 = `IntroStatActivitiesHybrid.toc'.

[3] [1

]
Module 1.
[2

] [3] [4]
LaTeX Font Info:    Font shape `TU/lmtt/bx/n' in size <10> not available
(Font)              Font shape `TU/lmtt/b/n' tried instead on input line 488.
[5]
Underfull \hbox (badness 2351) in paragraph at lines 590--591
[]\TU/lmr/m/n/10 Always simply _-_-_-_-_-_-_-_-_-_-_-_-_-_-_-_- or _-_-_-_-_-_-
_-_-_-_-_-_-_-_-_-_-_-_-; never controlled by
 []


Overfull \hbox (28.59686pt too wide) in paragraph at lines 661--663
[]\TU/lmr/m/n/10 Positive association: as one variable _-_-_-_-_-_-_-_-_-_-_-_-
_-, the other tends to _-_-_-_-_-_-_-_-_-_-_-_-_-_-_- also. 
 []

[6] [7]
Module 2.

Overfull \hbox (22.83989pt too wide) in paragraph at lines 781--783
\TU/lmr/m/n/10 GOAL: to have a sample that is _-_-_-_-_-_-_-_-_-_-_-_-_-_-_- of
 the _-_-_-_-_-_-_-_-_-_-_-_-_-_- _-_-_-_-_-_-_-_-_-_-_-_-_-_-_- on
 []

[8

]
Overfull \hbox (27.70187pt too wide) in paragraph at lines 880--882
[]\TU/lmr/m/n/10 Random sampling reduces _-_-_-_-_-_-_-_-_-_-_-_-_-_-_-_-_- bia
s, but has no impact on _-_-_-_-_-_-_-_-_-_-_-_-_-_-_-_- or
 []

[9] [10] [11]
File: images/ScopeOfInferenceGreyscale.png Graphic file (type bmp)
<images/ScopeOfInferenceGreyscale.png>
[12] [13]
File: 02-OCA01-bias_files/figure-latex/unnamed-chunk-1-1.pdf Graphic file (type
 pdf)
<use 02-OCA01-bias_files/figure-latex/unnamed-chunk-1-1.pdf>
[14] [15] [16] [17] [18] [19]
File: 02-A02-sampling_files/figure-latex/unnamed-chunk-1-1.pdf Graphic file (ty
pe pdf)
<use 02-A02-sampling_files/figure-latex/unnamed-chunk-1-1.pdf>
[20] [21] [22] [23] [24] [25] [26]
File: 02-L01-random-assignment_files/figure-latex/unnamed-chunk-1-1.pdf Graphic
 file (type pdf)
<use 02-L01-random-assignment_files/figure-latex/unnamed-chunk-1-1.pdf>
File: images/ScopeOfInferenceGreyscale.png Graphic file (type bmp)
<images/ScopeOfInferenceGreyscale.png>
[27] [28] [29]
Module 3.

Overfull \hbox (38.48187pt too wide) in paragraph at lines 1954--1957
[]\TU/lmr/m/n/10 Categorical data can be reported in a _-_-_-_-_-_-_-_-_-_-_-_-
table, which plots counts or a _-_-_-_-_-_-_-_-_-_-_-_-_-_- frequency
 []

[30

] [31] [32]
File: 03-LN03-EDA_files/figure-latex/unnamed-chunk-6-1.pdf Graphic file (type p
df)
<use 03-LN03-EDA_files/figure-latex/unnamed-chunk-6-1.pdf>
[33]
File: 03-LN03-EDA_files/figure-latex/unnamed-chunk-7-1.pdf Graphic file (type p
df)
<use 03-LN03-EDA_files/figure-latex/unnamed-chunk-7-1.pdf>
[34]
File: 03-LN03-EDA_files/figure-latex/unnamed-chunk-8-1.pdf Graphic file (type p
df)
<use 03-LN03-EDA_files/figure-latex/unnamed-chunk-8-1.pdf>
File: 03-LN03-EDA_files/figure-latex/unnamed-chunk-9-1.pdf Graphic file (type p
df)
<use 03-LN03-EDA_files/figure-latex/unnamed-chunk-9-1.pdf>
[35]
File: 03-LN03-EDA_files/figure-latex/unnamed-chunk-10-1.pdf Graphic file (type 
pdf)
<use 03-LN03-EDA_files/figure-latex/unnamed-chunk-10-1.pdf>
[36]
File: 03-LN03-EDA_files/figure-latex/unnamed-chunk-11-1.pdf Graphic file (type 
pdf)
<use 03-LN03-EDA_files/figure-latex/unnamed-chunk-11-1.pdf>
[37]
File: images/SimPara_AB.png Graphic file (type bmp)
<images/SimPara_AB.png>
File: images/SimPara_cD.png Graphic file (type bmp)
<images/SimPara_cD.png>
File: images/SimPara_EF.png Graphic file (type bmp)
<images/SimPara_EF.png>
[38]
Underfull \hbox (badness 2644) in paragraph at lines 2455--2456
[]\TU/lmr/m/n/10 Standard deviation: On average _-_-_-_-_-_-_-_-_-_-_-_-_-_-_-_
-_-_-_- each data point if from the
 []

[39]
File: 03-LN03-EDA_files/figure-latex/unnamed-chunk-15-1.pdf Graphic file (type 
pdf)
<use 03-LN03-EDA_files/figure-latex/unnamed-chunk-15-1.pdf>
[40]
File: 03-LN03-EDA_files/figure-latex/unnamed-chunk-16-1.pdf Graphic file (type 
pdf)
<use 03-LN03-EDA_files/figure-latex/unnamed-chunk-16-1.pdf>
[41]
File: 03-LN03-EDA_files/figure-latex/unnamed-chunk-17-1.pdf Graphic file (type 
pdf)
<use 03-LN03-EDA_files/figure-latex/unnamed-chunk-17-1.pdf>
[42]
File: images/shape.png Graphic file (type bmp)
<images/shape.png>
[43]
File: 03-LN03-EDA_files/figure-latex/unnamed-chunk-20-1.pdf Graphic file (type 
pdf)
<use 03-LN03-EDA_files/figure-latex/unnamed-chunk-20-1.pdf>
[44]
File: 03-LN03-EDA_files/figure-latex/unnamed-chunk-21-1.pdf Graphic file (type 
pdf)
<use 03-LN03-EDA_files/figure-latex/unnamed-chunk-21-1.pdf>

Underfull \hbox (badness 1460) in paragraph at lines 2721--2722
[]\TU/lmr/m/n/10 When the distribution is symmetric use the _-_-_-_-_-_-_-_-_-_
-_-_- as the measure of center and the
 []

[45]
Underfull \hbox (badness 1292) in paragraph at lines 2730--2730
|[]\TU/lmr/bx/n/14.4 Out-of-Class Activity Module 3: Summarizing Categorical
 []

[46] [47]
File: 03-OCA02-EDA_files/figure-latex/unnamed-chunk-3-1.pdf Graphic file (type 
pdf)
<use 03-OCA02-EDA_files/figure-latex/unnamed-chunk-3-1.pdf>
File: 03-OCA02-EDA_files/figure-latex/unnamed-chunk-4-1.pdf Graphic file (type 
pdf)
<use 03-OCA02-EDA_files/figure-latex/unnamed-chunk-4-1.pdf>
[48] [49]
File: 03-OCA02-EDA_files/figure-latex/unnamed-chunk-8-1.pdf Graphic file (type 
pdf)
<use 03-OCA02-EDA_files/figure-latex/unnamed-chunk-8-1.pdf>
[50]
File: 03-OCA02-EDA_files/figure-latex/unnamed-chunk-9-1.pdf Graphic file (type 
pdf)
<use 03-OCA02-EDA_files/figure-latex/unnamed-chunk-9-1.pdf>
[51] [52] [53] [54] [55] [56] [57]
File: images/IPEDS_Description.png Graphic file (type bmp)
<images/IPEDS_Description.png>
[58] [59] [60] [61] [62] [63]
Module 4.

Overfull \hbox (42.7488pt too wide) in paragraph at lines 3863--3865
\TU/lmr/m/n/10 A _-_-_-_-_-_-_-_-_-_-_-_-_-_-_-_-_-_- is used to display the re
lationship between two _-_-_-_-_-_-_-_-_-_-_-_-_-_-_-_-_-_-_- variables. 
 []

[64

]
Overfull \hbox (15.8119pt too wide) in paragraph at lines 3997--3998
[]\TU/lmr/m/n/10 The coefficient of determination can be found by squaring the 
value of correlation, using the _-_-_-_-_-_-_-_-_-_-_-_-_- for
 []


Overfull \hbox (45.99991pt too wide) in paragraph at lines 4003--4004
[]\TU/lmr/m/n/10 The coefficient of determination measures the _-_-_-_-_-_-_-_-
_-_-_-_- of total variation in the _-_-_-_-_-_-_-_-_-_-_- variable
 []

[65]
File: 04-LN04-two-quantitativeEDA_files/figure-latex/unnamed-chunk-2-1.pdf Grap
hic file (type pdf)
<use 04-LN04-two-quantitativeEDA_files/figure-latex/unnamed-chunk-2-1.pdf>
[66] [67]
File: 04-LN04-two-quantitativeEDA_files/figure-latex/unnamed-chunk-6-1.pdf Grap
hic file (type pdf)
<use 04-LN04-two-quantitativeEDA_files/figure-latex/unnamed-chunk-6-1.pdf>
[68]
File: 04-LN04-two-quantitativeEDA_files/figure-latex/unnamed-chunk-7-1.pdf Grap
hic file (type pdf)
<use 04-LN04-two-quantitativeEDA_files/figure-latex/unnamed-chunk-7-1.pdf>
[69]
File: 04-LN04-two-quantitativeEDA_files/figure-latex/unnamed-chunk-8-1.pdf Grap
hic file (type pdf)
<use 04-LN04-two-quantitativeEDA_files/figure-latex/unnamed-chunk-8-1.pdf>
[70]
Overfull \hbox (1.08188pt too wide) in paragraph at lines 4222--4224
[]\TU/lmr/m/n/10 If the slopes are _-_-_-_-_-_-_-_-_-_-_-_-_-_-_-_-, the two pr
edictor variables do not _-_-_-_-_-_-_-_-_-_-_-_-_-_-_- to
 []

[71] [72] [73]
File: 04-OCA03-EDA-two-quantitative-corr_files/figure-latex/unnamed-chunk-2-1.p
df Graphic file (type pdf)
<use 04-OCA03-EDA-two-quantitative-corr_files/figure-latex/unnamed-chunk-2-1.pd
f>
File: 04-OCA03-EDA-two-quantitative-corr_files/figure-latex/unnamed-chunk-3-1.p
df Graphic file (type pdf)
<use 04-OCA03-EDA-two-quantitative-corr_files/figure-latex/unnamed-chunk-3-1.pd
f>
[74] [75] [76] [77] [78] [79]
File: 04-A04-EDA-two-quantitative-LR_files/figure-latex/unnamed-chunk-4-1.pdf G
raphic file (type pdf)
<use 04-A04-EDA-two-quantitative-LR_files/figure-latex/unnamed-chunk-4-1.pdf>
[80] [81] [82] [83] [84]
Module 5.
[85

] [86] [87] [88] [89] [90] [91]
Module 6.

Overfull \hbox (29.8399pt too wide) in paragraph at lines 5516--5518
[]\TU/lmr/m/n/10 Use data collected on a _-_-_-_-_-_-_-_-_-_-_-_-_-_-_-_-_-_-_-
_- to give information about the _-_-_-_-_-_-_-_-_-_-_-_-_-_-_- 
 []


Overfull \hbox (23.82983pt too wide) in paragraph at lines 5551--5552
[]\TU/lmr/m/n/10 Or the null hypothesis is _-_-_-_-_-_-_-_-_-_-_-_-_-_-_- and t
he sample provides _-_-_-_-_-_-_-_-_-_-_-_-_-_- against
 []

[92

]
Overfull \hbox (10.84985pt too wide) in paragraph at lines 5644--5646
[]\TU/lmr/m/n/10 Probability of observing the sample _-_-_-_-_-_-_-_-_-_-_-_-_-
_-_-_-_-_-_- or more _-_-_-_-_-_-_-_-_-_- assuming
 []

File: images/soe_gradient_gray.png Graphic file (type bmp)
<images/soe_gradient_gray.png>
[93] [94] [95]
File: 06-LN06-1cat_simulation_files/figure-latex/unnamed-chunk-2-1.pdf Graphic 
file (type pdf)
<use 06-LN06-1cat_simulation_files/figure-latex/unnamed-chunk-2-1.pdf>
[96] [97]
File: 06-LN06-1cat_simulation_files/figure-latex/unnamed-chunk-3-1.pdf Graphic 
file (type pdf)
<use 06-LN06-1cat_simulation_files/figure-latex/unnamed-chunk-3-1.pdf>
[98]
File: 06-LN06-1cat_simulation_files/figure-latex/unnamed-chunk-4-1.pdf Graphic 
file (type pdf)
<use 06-LN06-1cat_simulation_files/figure-latex/unnamed-chunk-4-1.pdf>
File: 06-LN06-1cat_simulation_files/figure-latex/unnamed-chunk-5-1.pdf Graphic 
file (type pdf)
<use 06-LN06-1cat_simulation_files/figure-latex/unnamed-chunk-5-1.pdf>
[99]
Overfull \hbox (38.19289pt too wide) in paragraph at lines 6047--6047
|[]\TU/lmr/bx/n/14.4 Out-of-Class Activity Module 6: Helper-Hinderer  Simulati
on-based
 []

[100] [101]
File: 06-OCA04-inference-1cat_test-simulation-S24_files/figure-latex/unnamed-ch
unk-2-1.pdf Graphic file (type pdf)
<use 06-OCA04-inference-1cat_test-simulation-S24_files/figure-latex/unnamed-chu
nk-2-1.pdf>
[102] [103] [104]
File: images/class_simulations_oca06.png Graphic file (type bmp)
<images/class_simulations_oca06.png>
[105] [106] [107] [108]
File: images/soe_gradient_gray.png Graphic file (type bmp)
<images/soe_gradient_gray.png>
[109]
Underfull \hbox (badness 1810) in paragraph at lines 6738--6741
\TU/lmr/m/n/10 _-_-_-_-_-_-_-_-_-_-_-_-_-_-_-chose the helper toy. A simulation
 null distribution with 1000 simulations
 []


Underfull \hbox (badness 1102) in paragraph at lines 6738--6741
\TU/lmr/m/n/10 IF we assume ($[][]$ in context) _-_-_-_-_-_-_-_-_-_-_-_-_-_-_-_
-_-_-_-_-_-_-_-_-_-_-_-_-_-_-_-_-_-_-_-_-_-_-_-_-_-_-_-_-.
 []


Underfull \hbox (badness 4792) in paragraph at lines 6738--6741
\TU/lmr/m/n/10 that the (true/sample)_-_-_-_-_-_-_-_-_-_-_-_-_-_-_-_-_-_-_-_-_-
_-_-_-_- proportion of infants age 6 to 10
 []

[110] [111]
Module 7.
File: 07-LN07-1cat_theory_files/figure-latex/simpleNormalc-1.pdf Graphic file (
type pdf)
<use 07-LN07-1cat_theory_files/figure-latex/simpleNormalc-1.pdf>
[112

]
File: images/Empirical_Rule_Mark_bw.png Graphic file (type bmp)
<images/Empirical_Rule_Mark_bw.png>
[113] [114]
File: 07-LN07-1cat_theory_files/figure-latex/standNormalc-1.pdf Graphic file (t
ype pdf)
<use 07-LN07-1cat_theory_files/figure-latex/standNormalc-1.pdf>
[115]
File: 07-LN07-1cat_theory_files/figure-latex/standardNormalcur-1.pdf Graphic fi
le (type pdf)
<use 07-LN07-1cat_theory_files/figure-latex/standardNormalcur-1.pdf>
[116]
Overfull \hbox (51.89989pt too wide) in paragraph at lines 7118--7120
[]\TU/lmr/m/n/10 Our goal is to only take _-_-_-_-_-_-_-_- sample from the _-_-
_-_-_-_-_-_-_-_-_-_-_- to create a _-_-_-_-_-_-_-_-_-_-_-_-_- interval. 
 []


Overfull \hbox (8.6019pt too wide) in paragraph at lines 7120--7122
[]\TU/lmr/m/n/10 Based on the 68-95-99.7 rule, we know that approximately _-_-_
-_-_-_-% of sample _-_-_-_-_-_-_-_-_-_-_-_-_-_- will
 []


Overfull \hbox (29.6419pt too wide) in paragraph at lines 7122--7124
[]\TU/lmr/m/n/10 If we create 95% confidence intervals, _-_-_-_-_-_-_-_-% of sa
mples will create a 95% _-_-_-_-_-_-_-_-_-_-_-_-_-_- interval
 []

[117]
Underfull \hbox (badness 4291) in paragraph at lines 7186--7187
[]\TU/lmr/m/n/10 Always should write $[][]$ based on the _-_-_-_-_-_-_-_-_-_-_-
_-_- _-_-_-_-_-_-_-_-_-_-_-_-_- prior to
 []

[118]
Overfull \hbox (54.92491pt too wide) in paragraph at lines 7252--7255
[]\TU/lmr/m/n/10 Practically important: the _-_-_-_-_-_-_-_-_-_-_- seen in the 
data is meaningful and has _-_-_-_-_-_-_-_-_-_-_-_-_- applications. 
 []

[119] [120] [121]
File: 07-OCA05-inference-1cat_test-theory_files/figure-latex/Normalcur-1.pdf Gr
aphic file (type pdf)
<use 07-OCA05-inference-1cat_test-theory_files/figure-latex/Normalcur-1.pdf>
[122] [123] [124]
File: 07-A06-inference-1cat_CI-theory_files/figure-latex/Normalcur-1.pdf Graphi
c file (type pdf)
<use 07-A06-inference-1cat_CI-theory_files/figure-latex/Normalcur-1.pdf>
[125] [126] [127] [128] [129] [130] [131]
Module 8.
[132

]
File: 08-LN09-two-cat-simulation_files/figure-latex/unnamed-chunk-3-1.pdf Graph
ic file (type pdf)
<use 08-LN09-two-cat-simulation_files/figure-latex/unnamed-chunk-3-1.pdf>
[133] [134]
File: 08-LN09-two-cat-simulation_files/figure-latex/unnamed-chunk-4-1.pdf Graph
ic file (type pdf)
<use 08-LN09-two-cat-simulation_files/figure-latex/unnamed-chunk-4-1.pdf>
[135]
File: 08-LN09-two-cat-simulation_files/figure-latex/unnamed-chunk-5-1.pdf Graph
ic file (type pdf)
<use 08-LN09-two-cat-simulation_files/figure-latex/unnamed-chunk-5-1.pdf>
[136] [137] [138] [139]
File: 08-OCA06-inference-2cat-simulation_files/figure-latex/unnamed-chunk-2-1.p
df Graphic file (type pdf)
<use 08-OCA06-inference-2cat-simulation_files/figure-latex/unnamed-chunk-2-1.pd
f>
[140]
File: 08-OCA06-inference-2cat-simulation_files/figure-latex/unnamed-chunk-3-1.p
df Graphic file (type pdf)
<use 08-OCA06-inference-2cat-simulation_files/figure-latex/unnamed-chunk-3-1.pd
f>
[141] [142]
Overfull \hbox (3.43134pt too wide) in paragraph at lines 8631--8631
|[]\TU/lmr/bx/n/14.4 Activity 8: The Good Samaritan (continued)  Simulation-ba
sed
 []

[143] [144] [145] [146] [147] [148] [149] [150] [151]
Module 9.

Underfull \hbox (badness 1845) in paragraph at lines 9247--9247
|[]\TU/lmr/bx/n/14.4 Lecture Notes Module 9: Theoretical Inference for Two
 []


Overfull \hbox (26.9699pt too wide) in paragraph at lines 9303--9304
[]\TU/lmr/m/n/10 This value measures how many _-_-_-_-_-_-_-_-_-_-_-_-_- deviat
ions the sample difference in _-_-_-_-_-_-_-_-_-_-_-_-_- is
 []

[152

]
File: 09-LN010-two-cat-theory_files/figure-latex/unnamed-chunk-1-1.pdf Graphic 
file (type pdf)
<use 09-LN010-two-cat-theory_files/figure-latex/unnamed-chunk-1-1.pdf>
[153]
File: 09-LN010-two-cat-theory_files/figure-latex/standNormc-1.pdf Graphic file 
(type pdf)
<use 09-LN010-two-cat-theory_files/figure-latex/standNormc-1.pdf>
[154] [155] [156] [157]
File: 09-OCA08-inference-2cat_CI-theory_files/figure-latex/standNormc-1.pdf Gra
phic file (type pdf)
<use 09-OCA08-inference-2cat_CI-theory_files/figure-latex/standNormc-1.pdf>
[158] [159] [160] [161] [162] [163]
File: 09-A08-inference-2cat_test-theory_files/figure-latex/simpleNormal-1.pdf G
raphic file (type pdf)
<use 09-A08-inference-2cat_test-theory_files/figure-latex/simpleNormal-1.pdf>
[164] [165] [166] [167] [168] [169] [170] [171]
Module 10.

Underfull \hbox (badness 7667) in paragraph at lines 10464--10467
[]\TU/lmr/m/n/10 An _-_-_-_-_-_-_-_-_-_-_-_-_-_-_-_-_-_-_-_-probability is calc
ulated from the entire population
 []


Overfull \hbox (19.52875pt too wide) in paragraph at lines 10493--10496
[]\TU/lmr/m/n/10 A _-_-_-_-_-_-_-_-_-_-_-_-_-_-_-_-_-_-_-_-_- probability is ca
lculated _-_-_-_-_-_-_-_-_-_-_-_-_-_-_-_-_-_-_-_-_-_-_- on
 []

[172

]
Overfull \hbox (25.23302pt too wide) in paragraph at lines 10573--10583
 [] 
 []

[173] [174] [175] [176] [177] [178] [179] [180] [181]
Overfull \hbox (16.87776pt too wide) in paragraph at lines 11224--11230
 [] 
 []

[182] [183] [184] [185]
Module 11.
[186

] [187] [188]
Module 12.

Underfull \hbox (badness 3579) in paragraph at lines 11584--11585
[]\TU/lmr/m/n/10 In this week, we will study inference for a _-_-_-_-_-_-_-_-_-
_-_-_-_-_-_-_-_-_-_-_-_-_- explanatory
 []


Underfull \hbox (badness 1173) in paragraph at lines 11584--11585
\TU/lmr/m/n/10 variable and a _-_-_-_-_-_-_-_-_-_-_-_-_-_-_-_-_-_-_-_-_-_-_-_-_
- response variable where the two groups
 []

File: images/paired_independent.png Graphic file (type bmp)
<images/paired_independent.png>
[189

] [190]
File: 11-LN011-paired_files/figure-latex/unnamed-chunk-1-1.pdf Graphic file (ty
pe pdf)
<use 11-LN011-paired_files/figure-latex/unnamed-chunk-1-1.pdf>
[191]
File: 11-LN011-paired_files/figure-latex/unnamed-chunk-6-1.pdf Graphic file (ty
pe pdf)
<use 11-LN011-paired_files/figure-latex/unnamed-chunk-6-1.pdf>
[192]
Overfull \hbox (27.4349pt too wide) in paragraph at lines 11840--11843
[]\TU/lmr/m/n/10 Estimate the population standard deviation, $[][]$, with the _
-_-_-_-_-_-_-_-_-_-_-_-_-_-_-_-_-_-_-_-_-_-_-_-_-_-_- standard
 []

File: 11-LN011-paired_files/figure-latex/tstar-1.pdf Graphic file (type pdf)
<use 11-LN011-paired_files/figure-latex/tstar-1.pdf>
[193] [194]
File: 11-LN011-paired_files/figure-latex/unnamed-chunk-9-1.pdf Graphic file (ty
pe pdf)
<use 11-LN011-paired_files/figure-latex/unnamed-chunk-9-1.pdf>
[195] [196]
File: 11-LN011-paired_files/figure-latex/pvalueheight-1.pdf Graphic file (type 
pdf)
<use 11-LN011-paired_files/figure-latex/pvalueheight-1.pdf>
[197] [198]
File: 11-OCA08-paired-theory_files/figure-latex/tdist-1.pdf Graphic file (type 
pdf)
<use 11-OCA08-paired-theory_files/figure-latex/tdist-1.pdf>
[199]
File: 11-OCA08-paired-theory_files/figure-latex/unnamed-chunk-1-1.pdf Graphic f
ile (type pdf)
<use 11-OCA08-paired-theory_files/figure-latex/unnamed-chunk-1-1.pdf>
File: 11-OCA08-paired-theory_files/figure-latex/unnamed-chunk-1-2.pdf Graphic f
ile (type pdf)
<use 11-OCA08-paired-theory_files/figure-latex/unnamed-chunk-1-2.pdf>
[200] [201] [202]
File: 11-OCA08-paired-theory_files/figure-latex/tstar-1.pdf Graphic file (type 
pdf)
<use 11-OCA08-paired-theory_files/figure-latex/tstar-1.pdf>
[203] [204]
File: images/air_pollution_greyscale.png Graphic file (type bmp)
<images/air_pollution_greyscale.png>
File: 11-A09-paired-simulation_files/figure-latex/unnamed-chunk-2-1.pdf Graphic
 file (type pdf)
<use 11-A09-paired-simulation_files/figure-latex/unnamed-chunk-2-1.pdf>
[205] [206] [207] [208] [209] [210] [211] [212] [213] [214] [215]
Module 13.

Underfull \hbox (badness 3579) in paragraph at lines 13154--13156
[]\TU/lmr/m/n/10 In this week, we will study inference for a _-_-_-_-_-_-_-_-_-
_-_-_-_-_-_-_-_-_-_-_-_-_- explanatory
 []


Underfull \hbox (badness 1173) in paragraph at lines 13154--13156
\TU/lmr/m/n/10 variable and a _-_-_-_-_-_-_-_-_-_-_-_-_-_-_-_-_-_-_-_-_-_-_-_-_
- response variable where the two groups
 []

[216

] [217]
File: 12-LN012-1ofeach_files/figure-latex/unnamed-chunk-2-1.pdf Graphic file (t
ype pdf)
<use 12-LN012-1ofeach_files/figure-latex/unnamed-chunk-2-1.pdf>
[218]
File: 12-LN012-1ofeach_files/figure-latex/unnamed-chunk-3-1.pdf Graphic file (t
ype pdf)
<use 12-LN012-1ofeach_files/figure-latex/unnamed-chunk-3-1.pdf>
[219] [220]
File: 12-LN012-1ofeach_files/figure-latex/pvaluepb-1.pdf Graphic file (type pdf
)
<use 12-LN012-1ofeach_files/figure-latex/pvaluepb-1.pdf>
[221]
File: 12-LN012-1ofeach_files/figure-latex/unnamed-chunk-5-1.pdf Graphic file (t
ype pdf)
<use 12-LN012-1ofeach_files/figure-latex/unnamed-chunk-5-1.pdf>
[222] [223]
Underfull \hbox (badness 1371) in paragraph at lines 13597--13597
|[]\TU/lmr/bx/n/14.4 Out-of-Class Activity Module 13: Does behavior impact
 []

[224]
File: 12-OCA09-inference-1ofeach-simulation_files/figure-latex/unnamed-chunk-2-
1.pdf Graphic file (type pdf)
<use 12-OCA09-inference-1ofeach-simulation_files/figure-latex/unnamed-chunk-2-1
.pdf>
[225] [226]
File: 12-OCA09-inference-1ofeach-simulation_files/figure-latex/unnamed-chunk-4-
1.pdf Graphic file (type pdf)
<use 12-OCA09-inference-1ofeach-simulation_files/figure-latex/unnamed-chunk-4-1
.pdf>
[227]
File: 12-OCA09-inference-1ofeach-simulation_files/figure-latex/unnamed-chunk-5-
1.pdf Graphic file (type pdf)
<use 12-OCA09-inference-1ofeach-simulation_files/figure-latex/unnamed-chunk-5-1
.pdf>
[228] [229] [230] [231] [232] [233] [234] [235] [236] [237] [238]
Module 14.
[239

]
File: 13-LN013-regression_files/figure-latex/unnamed-chunk-2-1.pdf Graphic file
 (type pdf)
<use 13-LN013-regression_files/figure-latex/unnamed-chunk-2-1.pdf>
[240] [241]
File: 13-LN013-regression_files/figure-latex/unnamed-chunk-5-1.pdf Graphic file
 (type pdf)
<use 13-LN013-regression_files/figure-latex/unnamed-chunk-5-1.pdf>
File: 13-LN013-regression_files/figure-latex/unnamed-chunk-6-1.pdf Graphic file
 (type pdf)
<use 13-LN013-regression_files/figure-latex/unnamed-chunk-6-1.pdf>
[242] [243]
File: 13-LN013-regression_files/figure-latex/unnamed-chunk-8-1.pdf Graphic file
 (type pdf)
<use 13-LN013-regression_files/figure-latex/unnamed-chunk-8-1.pdf>
[244]
File: 13-LN013-regression_files/figure-latex/unnamed-chunk-9-1.pdf Graphic file
 (type pdf)
<use 13-LN013-regression_files/figure-latex/unnamed-chunk-9-1.pdf>
File: 13-LN013-regression_files/figure-latex/unnamed-chunk-10-1.pdf Graphic fil
e (type pdf)
<use 13-LN013-regression_files/figure-latex/unnamed-chunk-10-1.pdf>
[245]
File: 13-LN013-regression_files/figure-latex/unnamed-chunk-11-1.pdf Graphic fil
e (type pdf)
<use 13-LN013-regression_files/figure-latex/unnamed-chunk-11-1.pdf>

Overfull \hbox (28.8399pt too wide) in paragraph at lines 14977--14979
[]\TU/lmr/m/n/10 For two quantitative variables we use the _-_-_-_-_-_--distrib
ution with _-_-_-_-_-_-_-_-_-_-_-_-_-_-_-_-_-_-_-_-_- degrees
 []

[246]
File: 13-LN013-regression_files/figure-latex/pvalueoce-1.pdf Graphic file (type
 pdf)
<use 13-LN013-regression_files/figure-latex/pvalueoce-1.pdf>
[247]
File: 13-LN013-regression_files/figure-latex/unnamed-chunk-15-1.pdf Graphic fil
e (type pdf)
<use 13-LN013-regression_files/figure-latex/unnamed-chunk-15-1.pdf>
[248]
File: 13-LN013-regression_files/figure-latex/unnamed-chunk-16-1.pdf Graphic fil
e (type pdf)
<use 13-LN013-regression_files/figure-latex/unnamed-chunk-16-1.pdf>
[249] [250] [251]
File: 13-OCA10-regression-simulation_files/figure-latex/unnamed-chunk-2-1.pdf G
raphic file (type pdf)
<use 13-OCA10-regression-simulation_files/figure-latex/unnamed-chunk-2-1.pdf>
[252] [253]
File: 13-OCA10-regression-simulation_files/figure-latex/unnamed-chunk-5-1.pdf G
raphic file (type pdf)
<use 13-OCA10-regression-simulation_files/figure-latex/unnamed-chunk-5-1.pdf>
[254]
File: 13-OCA10-regression-simulation_files/figure-latex/unnamed-chunk-6-1.pdf G
raphic file (type pdf)
<use 13-OCA10-regression-simulation_files/figure-latex/unnamed-chunk-6-1.pdf>
File: 13-OCA10-regression-simulation_files/figure-latex/unnamed-chunk-7-1.pdf G
raphic file (type pdf)
<use 13-OCA10-regression-simulation_files/figure-latex/unnamed-chunk-7-1.pdf>
[255] [256] [257] [258] [259]
File: 13-A11-regression-theory_files/figure-latex/unnamed-chunk-3-1.pdf Graphic
 file (type pdf)
<use 13-A11-regression-theory_files/figure-latex/unnamed-chunk-3-1.pdf>
[260] [261]
Underfull \hbox (badness 10000) in paragraph at lines 15825--15826

 []

[262] [263] [264] [265] [266] [267] [268] [269]
Module 15.
[270

] [271] [272] [273] [274] [275] [276] [277]
Underfull \hbox (badness 3333) in paragraph at lines 16712--16712
|[]\TU/lmr/bx/n/14.4 Golden Ticket to Descriptive and Inferential Statistical
 []

File: GoldenTicket_F23.pdf Graphic file (type pdf)
<use GoldenTicket_F23.pdf>
File: GoldenTicket_F23.pdf Graphic file (type pdf)
<use GoldenTicket_F23.pdf>
File: GoldenTicket_F23.pdf Graphic file (type pdf)
<use GoldenTicket_F23.pdf, page 1>
File: GoldenTicket_F23.pdf Graphic file (type pdf)
<use GoldenTicket_F23.pdf, page 1>
[278]
File: GoldenTicket_F23.pdf Graphic file (type pdf)
<use GoldenTicket_F23.pdf, page 1>
File: GoldenTicket_F23.pdf Graphic file (type pdf)
<use GoldenTicket_F23.pdf, page 1>
File: GoldenTicket_F23.pdf Graphic file (type pdf)
<use GoldenTicket_F23.pdf, page 1>
[279

]
Missing character: There is no  in font [lmroman10-regular]:mapping=tex-text;!
[280

] [281] (IntroStatActivitiesHybrid.aux)
 ***********
LaTeX2e <2023-11-01> patch level 1
L3 programming layer <2024-01-22>
 ***********

LaTeX Warning: There were multiply-defined labels.

 ) 
Here is how much of TeX's memory you used:
 22044 strings out of 409673
 442498 string characters out of 5773081
 1957630 words of memory out of 5000000
 43727 multiletter control sequences out of 15000+600000
 564576 words of font info for 96 fonts, out of 8000000 for 9000
 1348 hyphenation exceptions out of 8191
 90i,17n,120p,1467b,582s stack positions out of 10000i,1000n,20000p,200000b,200000s

Output written on IntroStatActivitiesHybrid.pdf (285 pages).
